2023-04-11 18:48:13,588 - Zip_DBcreate_store - INFO - ======== Zip_DBcreate_store function START =============
2023-04-11 18:48:13,589 - Zip_DBcreate_store - INFO - ================ Connection Established ===================
2023-04-11 18:48:13,589 - Zip_DBcreate_store - INFO - ================ Cursor Created ===================
2023-04-11 18:48:13,600 - Zip_DBcreate_store - INFO - ================ Table Created ===================
2023-04-11 18:48:13,600 - Zip_DBcreate_store - INFO - DB closed
2023-04-11 18:48:13,600 - Zip_DBcreate_store - INFO - ======== Zip_DBcreate_store function START =============
2023-04-11 18:48:13,717 - Zip_DBcreate_store - INFO - ================ Starting to insert Values ===================
2023-04-11 18:48:13,944 - Zip_DBcreate_store - INFO - DB closed
2023-04-12 11:12:35,169 - Zip_DBcreate_store - INFO - ======== Zip_DBcreate_store function START =============
2023-04-12 11:12:35,173 - Zip_DBcreate_store - INFO - ================ Connection Established ===================
2023-04-12 11:12:35,173 - Zip_DBcreate_store - INFO - ================ Cursor Created ===================
2023-04-12 11:12:35,177 - Zip_DBcreate_store - INFO - ================ Table Created ===================
2023-04-12 11:12:35,177 - Zip_DBcreate_store - INFO - DB closed
2023-04-12 11:12:35,177 - Zip_DBcreate_store - INFO - ======== Zip_DBcreate_store function START =============
2023-04-12 11:12:35,360 - Zip_DBcreate_store - INFO - ================ Starting to insert Values ===================
2023-04-12 11:12:35,536 - Zip_DBcreate_store - INFO - DB closed
2023-04-15 16:31:59,542 - Zip_DBcreate_store - INFO - ======== Zip_DBcreate_store function START =============
2023-04-15 16:31:59,547 - Zip_DBcreate_store - INFO - ================ Connection Established ===================
2023-04-15 16:31:59,547 - Zip_DBcreate_store - INFO - ================ Cursor Created ===================
2023-04-15 16:31:59,565 - Zip_DBcreate_store - INFO - ================ Table Created ===================
2023-04-15 16:31:59,565 - Zip_DBcreate_store - INFO - DB closed
2023-04-15 16:31:59,566 - Zip_DBcreate_store - INFO - ======== Zip_DBcreate_store function START =============
2023-04-15 16:31:59,776 - Zip_DBcreate_store - INFO - ================ Starting to insert Values ===================
2023-04-15 16:31:59,880 - Zip_DBcreate_store - INFO - DB closed
2023-04-15 16:35:02,803 - Zip_DBcreate_store - INFO - ======== Zip_DBcreate_store function START =============
2023-04-15 16:35:02,803 - Zip_DBcreate_store - INFO - ================ Connection Established ===================
2023-04-15 16:35:02,803 - Zip_DBcreate_store - INFO - ================ Cursor Created ===================
2023-04-15 16:35:02,816 - Zip_DBcreate_store - INFO - ================ Table Created ===================
2023-04-15 16:35:02,816 - Zip_DBcreate_store - INFO - DB closed
2023-04-15 16:35:02,816 - Zip_DBcreate_store - INFO - ======== Zip_DBcreate_store function START =============
2023-04-15 16:35:03,048 - Zip_DBcreate_store - INFO - ================ Starting to insert Values ===================
2023-04-15 16:35:46,886 - Zip_DBcreate_store - INFO - DB closed
